outputs/logs/manifest-merger-release-report.txt
-- Merging decision tree log ---
manifest
ADDED from src/main/AndroidManifest.xml:2:1-94:12
	package
		ADDED from src/main/AndroidManifest.xml:3:5-41
		INJECTED from src/main/AndroidManifest.xml
		INJECTED from src/main/AndroidManifest.xml
	android:versionName
		INJECTED from src/main/AndroidManifest.xml
		INJECTED from src/main/AndroidManifest.xml
	xmlns:android
		ADDED from src/main/AndroidManifest.xml:2:11-69
	android:versionCode
		INJECTED from src/main/AndroidManifest.xml
		INJECTED from src/main/AndroidManifest.xml
uses-sdk
ADDED from src/main/AndroidManifest.xml:5:5-44
MERGED from [com.android.support:appcompat-v7:23.1.1] AndroidManifest.xml:20:5-43
MERGED from [com.android.support:support-v4:23.1.1] AndroidManifest.xml:20:5-43
MERGED from [io.particle:cloudsdk:0.3.1] AndroidManifest.xml:7:5-9:41
MERGED from [com.android.support:support-v4:23.1.1] AndroidManifest.xml:20:5-43
MERGED from [net.danlew:android.joda:2.9.0] AndroidManifest.xml:6:5-43
MERGED from [io.particle:devicesetup:0.3.3] AndroidManifest.xml:7:5-9:41
MERGED from [uk.co.chrisjenx:calligraphy:2.1.0] AndroidManifest.xml:7:5-9:41
MERGED from [com.android.support:appcompat-v7:23.1.1] AndroidManifest.xml:20:5-43
MERGED from [com.android.support:support-v4:23.1.1] AndroidManifest.xml:20:5-43
MERGED from [com.android.support:appcompat-v7:23.1.1] AndroidManifest.xml:20:5-43
MERGED from [com.android.support:support-v4:23.1.1] AndroidManifest.xml:20:5-43
MERGED from [com.android.support:support-v4:23.1.1] AndroidManifest.xml:20:5-43
MERGED from [com.android.support:recyclerview-v7:23.1.1] AndroidManifest.xml:20:5-43
MERGED from [com.android.support:support-v4:23.1.1] AndroidManifest.xml:20:5-43
MERGED from [io.particle:cloudsdk:0.3.1] AndroidManifest.xml:7:5-9:41
MERGED from [com.android.support:support-v4:23.1.1] AndroidManifest.xml:20:5-43
MERGED from [net.danlew:android.joda:2.9.0] AndroidManifest.xml:6:5-43
	android:targetSdkVersion
		INJECTED from src/main/AndroidManifest.xml
		INJECTED from src/main/AndroidManifest.xml
	android:minSdkVersion
		ADDED from src/main/AndroidManifest.xml:5:15-41
		INJECTED from src/main/AndroidManifest.xml
		INJECTED from src/main/AndroidManifest.xml
uses-feature#android.hardware.camera
ADDED from src/main/AndroidManifest.xml:7:5-60
	android:name
		ADDED from src/main/AndroidManifest.xml:7:19-57
uses-permission#android.permission.CAMERA
ADDED from src/main/AndroidManifest.xml:9:5-65
	android:name
		ADDED from src/main/AndroidManifest.xml:9:22-62
uses-permission#android.hardware.camera.autofocus
ADDED from src/main/AndroidManifest.xml:10:5-73
	android:name
		ADDED from src/main/AndroidManifest.xml:10:22-70
uses-permission#android.permission.WRITE_EXTERNAL_STORAGE
ADDED from src/main/AndroidManifest.xml:11:5-81
	android:name
		ADDED from src/main/AndroidManifest.xml:11:22-78
application
ADDED from src/main/AndroidManifest.xml:13:5-92:19
MERGED from [com.android.support:appcompat-v7:23.1.1] AndroidManifest.xml:22:5-20
MERGED from [com.android.support:support-v4:23.1.1] AndroidManifest.xml:22:5-20
MERGED from [com.android.support:support-v4:23.1.1] AndroidManifest.xml:22:5-20
MERGED from [uk.co.chrisjenx:calligraphy:2.1.0] AndroidManifest.xml:11:5-20
MERGED from [com.android.support:appcompat-v7:23.1.1] AndroidManifest.xml:22:5-20
MERGED from [com.android.support:support-v4:23.1.1] AndroidManifest.xml:22:5-20
MERGED from [com.android.support:appcompat-v7:23.1.1] AndroidManifest.xml:22:5-20
MERGED from [com.android.support:support-v4:23.1.1] AndroidManifest.xml:22:5-20
MERGED from [com.android.support:support-v4:23.1.1] AndroidManifest.xml:22:5-20
MERGED from [com.android.support:support-v4:23.1.1] AndroidManifest.xml:22:5-20
MERGED from [com.android.support:support-v4:23.1.1] AndroidManifest.xml:22:5-20
	android:label
		ADDED from src/main/AndroidManifest.xml:16:9-41
	android:allowBackup
		ADDED from src/main/AndroidManifest.xml:14:9-35
	android:icon
		ADDED from src/main/AndroidManifest.xml:15:9-43
	android:theme
		ADDED from src/main/AndroidManifest.xml:17:9-40
activity#com.example.mark.iotapp_v1.CamActivity
ADDED from src/main/AndroidManifest.xml:18:9-91:20
	android:screenOrientation
		ADDED from src/main/AndroidManifest.xml:21:13-50
	android:label
		ADDED from src/main/AndroidManifest.xml:20:13-45
	android:name
		ADDED from src/main/AndroidManifest.xml:19:13-40
intent-filter#android.intent.action.MAIN+android.intent.category.LAUNCHER
ADDED from src/main/AndroidManifest.xml:22:13-26:29
action#android.intent.action.MAIN
ADDED from src/main/AndroidManifest.xml:23:17-69
	android:name
		ADDED from src/main/AndroidManifest.xml:23:25-66
category#android.intent.category.LAUNCHER
ADDED from src/main/AndroidManifest.xml:25:17-77
	android:name
		ADDED from src/main/AndroidManifest.xml:25:27-74
activity#io.particle.android.sdk.devicesetup.ui.DiscoverDeviceActivity
ADDED from src/main/AndroidManifest.xml:27:13-32:61
	android:screenOrientation
		ADDED from src/main/AndroidManifest.xml:30:17-53
	android:label
		ADDED from src/main/AndroidManifest.xml:29:17-71
	android:windowSoftInputMode
		ADDED from src/main/AndroidManifest.xml:32:17-58
	android:theme
		ADDED from src/main/AndroidManifest.xml:31:17-70
	android:name
		ADDED from src/main/AndroidManifest.xml:28:17-93
activity#io.particle.android.sdk.devicesetup.ui.SelectNetworkActivity
ADDED from src/main/AndroidManifest.xml:33:13-38:61
	android:screenOrientation
		ADDED from src/main/AndroidManifest.xml:36:17-53
	android:label
		ADDED from src/main/AndroidManifest.xml:35:17-70
	android:windowSoftInputMode
		ADDED from src/main/AndroidManifest.xml:38:17-58
	android:theme
		ADDED from src/main/AndroidManifest.xml:37:17-70
	android:name
		ADDED from src/main/AndroidManifest.xml:34:17-92
activity#io.particle.android.sdk.devicesetup.ui.PasswordEntryActivity
ADDED from src/main/AndroidManifest.xml:39:13-44:75
	android:screenOrientation
		ADDED from src/main/AndroidManifest.xml:42:17-53
	android:label
		ADDED from src/main/AndroidManifest.xml:41:17-70
	android:windowSoftInputMode
		ADDED from src/main/AndroidManifest.xml:44:17-72
	android:theme
		ADDED from src/main/AndroidManifest.xml:43:17-70
	android:name
		ADDED from src/main/AndroidManifest.xml:40:17-92
activity#io.particle.android.sdk.devicesetup.ui.ConnectingActivity
ADDED from src/main/AndroidManifest.xml:45:13-50:61
	android:screenOrientation
		ADDED from src/main/AndroidManifest.xml:48:17-53
	android:label
		ADDED from src/main/AndroidManifest.xml:47:17-66
	android:windowSoftInputMode
		ADDED from src/main/AndroidManifest.xml:50:17-58
	android:theme
		ADDED from src/main/AndroidManifest.xml:49:17-70
	android:name
		ADDED from src/main/AndroidManifest.xml:46:17-89
activity#io.particle.android.sdk.devicesetup.ui.SuccessActivity
ADDED from src/main/AndroidManifest.xml:51:13-56:61
	android:screenOrientation
		ADDED from src/main/AndroidManifest.xml:54:17-53
	android:label
		ADDED from src/main/AndroidManifest.xml:53:17-63
	android:windowSoftInputMode
		ADDED from src/main/AndroidManifest.xml:56:17-58
	android:theme
		ADDED from src/main/AndroidManifest.xml:55:17-70
	android:name
		ADDED from src/main/AndroidManifest.xml:52:17-86
activity#io.particle.android.sdk.utils.ui.WebViewActivity
ADDED from src/main/AndroidManifest.xml:57:13-61:73
	android:screenOrientation
		ADDED from src/main/AndroidManifest.xml:60:17-53
	android:label
		ADDED from src/main/AndroidManifest.xml:59:17-64
	android:theme
		ADDED from src/main/AndroidManifest.xml:61:17-70
	android:name
		ADDED from src/main/AndroidManifest.xml:58:17-80
activity#io.particle.android.sdk.devicesetup.ui.GetReadyActivity
ADDED from src/main/AndroidManifest.xml:62:13-66:73
	android:screenOrientation
		ADDED from src/main/AndroidManifest.xml:65:17-53
	android:label
		ADDED from src/main/AndroidManifest.xml:64:17-65
	android:theme
		ADDED from src/main/AndroidManifest.xml:66:17-70
	android:name
		ADDED from src/main/AndroidManifest.xml:63:17-87
activity#io.particle.android.sdk.devicesetup.ui.ManualNetworkEntryActivity
ADDED from src/main/AndroidManifest.xml:67:13-72:75
	android:screenOrientation
		ADDED from src/main/AndroidManifest.xml:70:17-53
	android:label
		ADDED from src/main/AndroidManifest.xml:69:17-76
	android:windowSoftInputMode
		ADDED from src/main/AndroidManifest.xml:72:17-72
	android:theme
		ADDED from src/main/AndroidManifest.xml:71:17-70
	android:name
		ADDED from src/main/AndroidManifest.xml:68:17-97
activity#io.particle.android.sdk.accountsetup.CreateAccountActivity
ADDED from src/main/AndroidManifest.xml:73:13-78:74
	android:screenOrientation
		ADDED from src/main/AndroidManifest.xml:76:17-53
	android:label
		ADDED from src/main/AndroidManifest.xml:75:17-70
	android:windowSoftInputMode
		ADDED from src/main/AndroidManifest.xml:78:17-71
	android:theme
		ADDED from src/main/AndroidManifest.xml:77:17-70
	android:name
		ADDED from src/main/AndroidManifest.xml:74:17-90
activity#io.particle.android.sdk.accountsetup.LoginActivity
ADDED from src/main/AndroidManifest.xml:79:13-84:74
	android:screenOrientation
		ADDED from src/main/AndroidManifest.xml:82:17-53
	android:label
		ADDED from src/main/AndroidManifest.xml:81:17-61
	android:windowSoftInputMode
		ADDED from src/main/AndroidManifest.xml:84:17-71
	android:theme
		ADDED from src/main/AndroidManifest.xml:83:17-70
	android:name
		ADDED from src/main/AndroidManifest.xml:80:17-82
activity#io.particle.android.sdk.accountsetup.PasswordResetActivity
ADDED from src/main/AndroidManifest.xml:85:13-90:75
	android:screenOrientation
		ADDED from src/main/AndroidManifest.xml:88:17-53
	android:label
		ADDED from src/main/AndroidManifest.xml:87:17-70
	android:windowSoftInputMode
		ADDED from src/main/AndroidManifest.xml:90:17-72
	android:theme
		ADDED from src/main/AndroidManifest.xml:89:17-70
	android:name
		ADDED from src/main/AndroidManifest.xml:86:17-90
uses-permission#android.permission.INTERNET
ADDED from [io.particle:cloudsdk:0.3.1] AndroidManifest.xml:11:5-67
MERGED from [io.particle:devicesetup:0.3.3] AndroidManifest.xml:11:5-67
MERGED from [io.particle:cloudsdk:0.3.1] AndroidManifest.xml:11:5-67
	android:name
		ADDED from [io.particle:cloudsdk:0.3.1] AndroidManifest.xml:11:22-64
uses-permission#android.permission.ACCESS_WIFI_STATE
ADDED from [io.particle:devicesetup:0.3.3] AndroidManifest.xml:12:5-76
	android:name
		ADDED from [io.particle:devicesetup:0.3.3] AndroidManifest.xml:12:22-73
uses-permission#android.permission.ACCESS_NETWORK_STATE
ADDED from [io.particle:devicesetup:0.3.3] AndroidManifest.xml:13:5-79
	android:name
		ADDED from [io.particle:devicesetup:0.3.3] AndroidManifest.xml:13:22-76
uses-permission#android.permission.CHANGE_WIFI_STATE
ADDED from [io.particle:devicesetup:0.3.3] AndroidManifest.xml:14:5-76
	android:name
		ADDED from [io.particle:devicesetup:0.3.3] AndroidManifest.xml:14:22-73
uses-permission#android.permission.ACCESS_COARSE_LOCATION
ADDED from [io.particle:devicesetup:0.3.3] AndroidManifest.xml:19:5-81
	android:name
		ADDED from [io.particle:devicesetup:0.3.3] AndroidManifest.xml:19:22-78